<?xml version="1.0" encoding="UTF-8"?>
<!-- Generated by org.testng.reporters.JUnitXMLReporter -->
<testsuite hostname="Bhagyashrees-MacBook-Air.local" name="Default test" tests="2" failures="0" timestamp="9 Jun 2019 07:08:59 GMT" time="0.083" errors="0">
  <testcase name="signUpFaceBook" time="0.022" classname="com.fbsignup.qa.tests.FaceBookSignUpTest">
    <skipped/>
  </testcase> <!-- signUpFaceBook -->
  <testcase name="signUpFaceBookInvalidData" time="0.01" classname="com.fbsignup.qa.tests.FaceBookSignUpTest">
    <skipped/>
  </testcase> <!-- signUpFaceBookInvalidData -->
</testsuite> <!-- Default test -->
