<?xml version="1.0" encoding="UTF-8"?>
<!-- Generated by org.testng.reporters.JUnitXMLReporter -->
<testsuite hostname="Bhagyashrees-MacBook-Air.local" name="Test" tests="2" failures="0" timestamp="9 Jun 2019 07:19:53 GMT" time="0.135" errors="0">
  <testcase name="signUpFaceBook" time="0.087" classname="com.fbsignup.qa.tests.FaceBookSignUpTest">
    <skipped/>
  </testcase> <!-- signUpFaceBook -->
  <testcase name="signUpFaceBookInvalidData" time="0.025" classname="com.fbsignup.qa.tests.FaceBookSignUpTest">
    <skipped/>
  </testcase> <!-- signUpFaceBookInvalidData -->
</testsuite> <!-- Test -->
